<?xml version="1.0" encoding="UTF-8"?>
<testsuite xmlns:xsi="http://www.w3.org/2001/XMLSchema-instance" xsi:noNamespaceSchemaLocation="https://maven.apache.org/surefire/maven-surefire-plugin/xsd/surefire-test-report-3.0.xsd" version="3.0" name="ua.deti.tqs.lab3_2.CarRepositoryTest" time="4.833" tests="3" errors="0" skipped="0" failures="0">
  <properties>
[...]
</properties>
  <testcase name="whenFindByIdCar1_thenReturnCar1" classname="ua.deti.tqs.lab3_2.CarRepositoryTest" time="0.285">
    <system-out><![CDATA[14:35:31.052 [main] INFO org.springframework.test.context.support.AnnotationConfigContextLoaderUtils -- Could not detect default configuration classes for test class [ua.deti.tqs.lab3_2.CarRepositoryTest]: CarRepositoryTest does not declare any static, non-private, non-final, nested classes annotated with @Configuration.
14:35:31.263 [main] INFO org.springframework.boot.test.context.SpringBootTestContextBootstrapper -- Found @SpringBootConfiguration ua.deti.tqs.lab3_2.Lab32Application for test class ua.deti.tqs.lab3_2.CarRepositoryTest
14:35:31.377 [main] INFO org.springframework.boot.devtools.restart.RestartApplicationListener -- Restart disabled due to context in which it is running
  .   ____          _            __ _ _
 /\\ / ___'_ __ _ _(_)_ __  __ _ \ \ \ \
( ( )\___ | '_ | '_| | '_ \/ _` | \ \ \ \
 \\/  ___)| |_)| | | | | || (_| |  ) ) ) )
  '  |____| .__|_| |_|_| |_\__, | / / / /
 =========|_|==============|___/=/_/_/_/

 :: Spring Boot ::       (v3.3.0-SNAPSHOT)

2024-03-21T14:35:31.915Z  INFO 194231 --- [           main] ua.deti.tqs.lab3_2.CarRepositoryTest     : Starting CarRepositoryTest using Java 17.0.10 with PID 194231 (started by liarc301 in /home/liarc301/Desktop/TQS/TQS_107548/lab6/lab6_2)
2024-03-21T14:35:31.917Z  INFO 194231 --- [           main] ua.deti.tqs.lab3_2.CarRepositoryTest     : No active profile set, falling back to 1 default profile: "default"
2024-03-21T14:35:32.440Z  INFO 194231 --- [           main] .s.d.r.c.RepositoryConfigurationDelegate : Bootstrapping Spring Data JPA repositories in DEFAULT mode.
2024-03-21T14:35:32.503Z  INFO 194231 --- [           main] .s.d.r.c.RepositoryConfigurationDelegate : Finished Spring Data repository scanning in 51 ms. Found 1 JPA repository interface.
2024-03-21T14:35:32.564Z  INFO 194231 --- [           main] beddedDataSourceBeanFactoryPostProcessor : Replacing 'dataSource' DataSource bean with embedded version
2024-03-21T14:35:32.802Z  INFO 194231 --- [           main] o.s.j.d.e.EmbeddedDatabaseFactory        : Starting embedded database: url='jdbc:h2:mem:366f786d-283a-482b-b4a3-eaa2800645c2;DB_CLOSE_DELAY=-1;DB_CLOSE_ON_EXIT=false', username='sa'
2024-03-21T14:35:33.309Z  INFO 194231 --- [           main] o.hibernate.jpa.internal.util.LogHelper  : HHH000204: Processing PersistenceUnitInfo [name: default]
2024-03-21T14:35:33.388Z  INFO 194231 --- [           main] org.hibernate.Version                    : HHH000412: Hibernate ORM core version 6.4.4.Final
2024-03-21T14:35:33.449Z  INFO 194231 --- [           main] o.h.c.internal.RegionFactoryInitiator    : HHH000026: Second-level cache disabled
2024-03-21T14:35:33.658Z  INFO 194231 --- [           main] o.s.o.j.p.SpringPersistenceUnitInfo      : No LoadTimeWeaver setup: ignoring JPA class transformer
2024-03-21T14:35:34.773Z  INFO 194231 --- [           main] o.h.e.t.j.p.i.JtaPlatformInitiator       : HHH000489: No JTA platform available (set 'hibernate.transaction.jta.platform' to enable JTA platform integration)
Hibernate: drop table if exists tqs_car cascade 
Hibernate: drop sequence if exists tqs_car_seq
Hibernate: create sequence tqs_car_seq start with 1 increment by 50
Hibernate: create table tqs_car (id bigint not null, maker varchar(255), model varchar(255), primary key (id))
2024-03-21T14:35:34.817Z  INFO 194231 --- [           main] j.LocalContainerEntityManagerFactoryBean : Initialized JPA EntityManagerFactory for persistence unit 'default'
2024-03-21T14:35:35.271Z  INFO 194231 --- [           main] ua.deti.tqs.lab3_2.CarRepositoryTest     : Started CarRepositoryTest in 3.916 seconds (process running for 6.934)
Hibernate: select next value for tqs_car_seq
Hibernate: insert into tqs_car (maker,model,id) values (?,?,?)
Hibernate: select c1_0.id,c1_0.maker,c1_0.model from tqs_car c1_0 where c1_0.id=?
]]></system-out>
  </testcase>
  <testcase name="givenSetOfCars_whenFindAll_thenReturnAllCars" classname="ua.deti.tqs.lab3_2.CarRepositoryTest" time="0.025">
    <system-out><![CDATA[Hibernate: select next value for tqs_car_seq
Hibernate: insert into tqs_car (maker,model,id) values (?,?,?)
Hibernate: insert into tqs_car (maker,model,id) values (?,?,?)
Hibernate: insert into tqs_car (maker,model,id) values (?,?,?)
Hibernate: select c1_0.id,c1_0.maker,c1_0.model from tqs_car c1_0
]]></system-out>
  </testcase>
  <testcase name="whenInvalidCarId_thenReturnNull" classname="ua.deti.tqs.lab3_2.CarRepositoryTest" time="0.014">
    <system-out><![CDATA[Hibernate: select c1_0.id,c1_0.maker,c1_0.model from tqs_car c1_0 where c1_0.id is null
]]></system-out>
  </testcase>
</testsuite>